geckodriver: error: Found argument '--websocket-port' which wasn't expected, or isn't valid in this context

USAGE:
    geckodriver [FLAGS] [OPTIONS]

For more information try --help

geckodriver: error: Found argument '--websocket-port' which wasn't expected, or isn't valid in this context

USAGE:
    geckodriver [FLAGS] [OPTIONS]

For more information try --help

geckodriver: error: Found argument '--websocket-port' which wasn't expected, or isn't valid in this context

USAGE:
    geckodriver [FLAGS] [OPTIONS]

For more information try --help

geckodriver: error: Found argument '--websocket-port' which wasn't expected, or isn't valid in this context

USAGE:
    geckodriver [FLAGS] [OPTIONS]

For more information try --help

geckodriver: error: Found argument '--websocket-port' which wasn't expected, or isn't valid in this context

USAGE:
    geckodriver [FLAGS] [OPTIONS]

For more information try --help

geckodriver: error: Found argument '--websocket-port' which wasn't expected, or isn't valid in this context

USAGE:
    geckodriver [FLAGS] [OPTIONS]

For more information try --help

geckodriver: error: Found argument '--websocket-port' which wasn't expected, or isn't valid in this context

USAGE:
    geckodriver [FLAGS] [OPTIONS]

For more information try --help

geckodriver: error: Found argument '--websocket-port' which wasn't expected, or isn't valid in this context

USAGE:
    geckodriver [FLAGS] [OPTIONS]

For more information try --help

geckodriver: error: Found argument '--websocket-port' which wasn't expected, or isn't valid in this context

USAGE:
    geckodriver [FLAGS] [OPTIONS]

For more information try --help

1645617550628	geckodriver	INFO	Listening on 127.0.0.1:50738
1645617553712	mozrunner::runner	INFO	Running command: "C:\\Program Files\\Mozilla Firefox\\firefox.exe" "--marionette" "--remote-debugging-port" "50739" "-no-remote" "-profile" "C:\\Users\\raine\\AppData\\Local\\Temp\\rust_mozprofileYjNSpP"
1645617554062	Marionette	INFO	Marionette enabled
console.warn: SearchSettings: "get: No settings file exists, new profile?" (new NotFoundError("Could not open the file at C:\\Users\\raine\\AppData\\Local\\Temp\\rust_mozprofileYjNSpP\\search.json.mozlz4", (void 0)))
DevTools listening on ws://localhost:50739/devtools/browser/cd724e59-2021-46c7-b165-6e1a1e586d77
1645617556248	Marionette	INFO	Listening on port 50744
1645617556401	RemoteAgent	WARN	TLS certificate errors will be ignored for this session
1645617581991	Marionette	INFO	Stopped listening on port 50744
console.warn: TopSitesFeed: Failed to fetch data from Contile server: NetworkError when attempting to fetch resource.
1645617689637	geckodriver	INFO	Listening on 127.0.0.1:61241
1645617692683	mozrunner::runner	INFO	Running command: "C:\\Program Files\\Mozilla Firefox\\firefox.exe" "--marionette" "--remote-debugging-port" "61242" "-no-remote" "-profile" "C:\\Users\\raine\\AppData\\Local\\Temp\\rust_mozprofilefFEgcY"
1645617692989	Marionette	INFO	Marionette enabled
console.warn: SearchSettings: "get: No settings file exists, new profile?" (new NotFoundError("Could not open the file at C:\\Users\\raine\\AppData\\Local\\Temp\\rust_mozprofilefFEgcY\\search.json.mozlz4", (void 0)))
DevTools listening on ws://localhost:61242/devtools/browser/e6fbf223-18b0-4953-85b1-e6dba7771783
1645617695338	Marionette	INFO	Listening on port 61247
1645617695861	RemoteAgent	WARN	TLS certificate errors will be ignored for this session
1645617708808	Marionette	INFO	Stopped listening on port 61247
1645618107731	geckodriver	INFO	Listening on 127.0.0.1:63175
1645618110805	mozrunner::runner	INFO	Running command: "C:\\Program Files\\Mozilla Firefox\\firefox.exe" "--marionette" "--remote-debugging-port" "63176" "-no-remote" "-profile" "C:\\Users\\raine\\AppData\\Local\\Temp\\rust_mozprofileuMNkcb"
1645618111155	Marionette	INFO	Marionette enabled
console.warn: SearchSettings: "get: No settings file exists, new profile?" (new NotFoundError("Could not open the file at C:\\Users\\raine\\AppData\\Local\\Temp\\rust_mozprofileuMNkcb\\search.json.mozlz4", (void 0)))
DevTools listening on ws://localhost:63176/devtools/browser/9b659e10-fe38-48d0-90c4-5b2bb528c13e
1645618113444	Marionette	INFO	Listening on port 63182
1645618113975	RemoteAgent	WARN	TLS certificate errors will be ignored for this session
1645618122943	Marionette	INFO	Stopped listening on port 63182
console.warn: TopSitesFeed: Failed to fetch data from Contile server: NetworkError when attempting to fetch resource.
